45
986880
2147467008
-33024
-256
-256
-256
-256
2147483392
-33024
-256
-256
-256
-256
-256
2118385408
-805339648
-12544
-33489152
1048064
-65536
-256
1073741568
1946107648
-36096
-33489152
1048064
-65536
-256
-2147418368
67076096
-64768
-16711936
524032
-65536
-256
2147483392
-33024
-256
-9175296
-1552417024
-23808
-256
-2147418368
67076096
-64768
-655616
931921664
-51456
-256
-2147418368
67076096
-64768
-256
-256
-256
-256
132513536
-1946220800
-29952
-2425088
1604845312
-41216
-256
1029439232
-49920
-256
-2818304
1621884672
-40960
-256
2147483392
-33024
-256
-2031872
65280
-65536
-256
-912457984
2013251840
-35072
-2031872
65280
-65536
-256
2147483392
-33024
-256
-256
-256
-256
-256
-1004798208
671073280
-55552
-983296
65280
-65536
-256
2147483392
-33024
-256
-256
-1987641600
-30464
-256
2147483392
-33024
-256
-256
-256
-256
-256
-1613758720
1811914496
-38144
-256
-256
-256
-256
2147483392
-33024
-256
-256
-256
-256
-256
1408106240
67064576
-64768
-256
674103040
1073686528
-49408
-261292288
671084544
-55552
-256
-1886257408
-1073770752
-16640
493813504
67050752
-64768
-256
-1321861376
-1610632960
-24832
684654336
1275013120
-46336
-256
1782906624
-1073780224
-16640
783941376
-1073795584
-16640
-256
588381952
-56576
-256
669777664
1610557184
-41216
-256
-1373241600
1342156288
-45312
-1127088384
1073724416
-49408
-256
-1937965312
-805336064
-12544
-1114833152
402636032
-59648
-256
-1971192064
134187520
-63744
-1078067456
1006616320
-50432
-256
-1004011776
1744815104
-39168
-1055129856
1409270016
-44288
-256
-1012072704
1140835072
-48384
-1032126720
-15872
-256
-256
-1019085056
-1006648576
-15616
-506200320
268427520
-61696
-256
-1028456704
-1946172928
-29952
-492241152
1543496192
-42240
-256
-1067712768
-1744846848
-26880
-108724480
1459616000
-43520
-256
809762560
201273344
-62720
-279314688
-134222080
-2304
-256
1073610496
-134267136
-2304
-139264256
1971320576
-35584
-256
1053949696
1006583296
-50432
-139919616
2004875008
-35072
-256
1046544128
-1409335808
-21760
-70123776
-696255744
-10752
-256
1041891072
-1879097856
-28928
-70779136
-201327872
-3328
-256
1035451392
1005935616
1033831168
993769984
1008356352
-94995200
-983614976
-1036410880
-1063473152
-1030107648
-1045145600
-1029670144
-1038287360
-1025378560
-1025802240
-1022010880
-1016276224
-1020560640
-1001412096
-1040130048
-761520640
545491200
1029414144
1060450048
1046062592
1046363648
1034732544
1042511616
1028016384
1041565952
1017400832
1036937728
1004807936
1040370432
980450816
1073827840
308588800
-867127296
-1027736832
-1070554880
-1027078400
-1051196928
-1023977728
-1044983552
-1020271616
-1035372800
-1012442624
-1030931200
-1003412224
-1027825664
-995014912
-977273088
189911296
994846208
1059522560
935624704
246644224
19144192
-9477888
4655872
-3061248
4948736
-1800960
3930880
-901888
3138560
-218112
2537728
190208
2067456
535296
1783296
777472
1526784
935424
1367040
1041152
1328640
1056000
1297152
1073664
1299712
1045760
1437696
999680
1495552
855552
1586944
695040
1758208
542464
2009344
284672
2255104
-78080
2684928
-603648
3322368
-1417984
4035584
-918528
-26251264
-619468288
-1020998144
-1030536704
-1047266048
-1024487680
-1038547456
-1014838784
-1033727488
-1005212928
-1034102016
-985721088
-1065492224
-590518016
702079744
1031687168
1066611712
1037661696
1049704448
1029646592
1044653312
1024571904
1040064768
1013805824
1036565504
1002430464
1038315520
982746880
1049524736
85081600
-944581632
-1031908864
-1069201920
-1028055552
-1049831936
-1026335488
-1042780672
-1024205056
-1031264000
-1017890304
-1024111104
-1013334784
-1014466560
-1020357376
-873523200
393908480
1021678336
1051595264
1052896768
1040792576
1038649344
1038335232
1031403776
1036438016
1020025856
1033131520
1007003392
1036223232
983872768
1072542208
477010432
-781077248
-1028625920
-1069282048
-1030761216
-1050862592
-1025886464
-1045739008
-1021534464
-1037966080
-1011686912
-1034395392
-1000920064
-1035371264
-984871680
-1029894912
6680064
968556544
1036577792
1068552448
1031419136
1049269504
1030035200
1040505856
1028541696
1031423488
1023056640
1021414912
1021055744
1006843136
1037835520
795033856
-506028032
-1025550592
-1056000000
-1044916480
-1042680064
-1033381376
-1040083712
-1027038976
-1036198144
-1015156224
-1033561600
-1002494976
-1037349376
-979163904
-1072701696
-392682240
828642560
1030690816
1072693248
1031475200
1053000192
1027275264
1045955840
1024416512
1039528960
1014822144
1034162688
1006003712
1031371008
996332288
993896192
-138384640
-991923200
-1038349056
-1062852352
-1031783936
-1044787712
-1030942464
-1036859904
-1027527168
-1025498880
-1023642624
-1015262720
-1023095296
-999153408
-1045688576
-731974912
578220800
1029573376
1061695744
1043756032
1046745600
1032832768
1042984448
1027104000
1040590592
1015505920
1036784128
1003351296
1039916032
979869952
1071082752
265532672
-885059840
-1029035008
-1070799616
-1027588352
-1051159040
-1025166592
-1044178688
-1021177344
-1035372800
-1014131968
-1029885440
-1006298624
-1025575680
-1001436416
-958710784
227592192
1006237952
1044143616
1060943360
1036030720
1044132864
1034511104
1035860736
1033712896
1024570624
1029052160
1013036032
1030545408
992878592
1061069312
632036096
-671671040
-1028281600
-1064522496
-1035739136
-1048137216
-1027892224
-1043818752
-1022890496
-1037648384
-1011747072
-1035375872
-999663360
-1038203648
-977545728
-1060726784
-174117888
918639872
1032562944
1072228608
1030246400
1052328704
1027812864
1044219136
1025790976
1036379904
1018987776
1028106496
1013553152
1019183360
1017757184
899914240
-350545920
-1016757248
-1047511552
-1052905216
-1037602816
-1038497792
-1035947264
-1030972160
-1031352832
-1018948352
-1029481216
-1007194112
-1031999232
-985893888
-1065821696
-555184128
731134976
1031076608
1069729280
1035945472
1051422464
1028828672
1045602816
1024151296
1040834304
1014195456
1036856832
1003404800
1037907968
985136384
1041885952
42033920
-955486208
-1032673536
-1067880960
-1028332800
-1048813568
-1027221504
-1041016832
-1023584512
-1030028544
-1018895616
-1021909504
-1014907648
-1011289088
-1024983808
-848615680
431992832
1024518912
1053855232
1051444736
1042523136
1037753344
1039434496
1030773504
1037765120
1019560448
1034579456
1006612992
1038003968
982702592
1074354688
438176768
-803809792
-1028265472
-1069659904
-1029523712
-1050851840
-1025230336
-1045502720
-1020921856
-1036917248
-1011528192
-1033479168
-1001294336
-1033309952
-986988288
-1018713600
50598656
977911040
1038140672
1067403264
1032447488
1048700672
1030748672
1040243456
1029975808
1030127104
1024491520
1020065792
1023304448
1004569600
1043202816
766746624
-540283136
-1026235904
-1057553152
-1042769152
-1044000000
-1032167936
-1040462080
-1025662976
-1035261184
-1013713920
-1033309696
-1001363968
-1037462272
-977896704
-1072013056
-351159040
848989440
1031106048
1073139968
1031280896
1053257472
1027183360
1045744640
1024401920
1039205888
1015618304
1033367552
1007810816
1029547520
1000006400
978719488
-180386048
-997897472
-1039871488
-1060395264
-1032580096
-1043563008
-1031302912
-1036429056
-1027689216
-1023591680
-1024566016
-1013253888
-1024652800
-996034048
-1049799168
-699896576
610503680
1030594560
1063774976
1042231552
1048034048
1032299776
1043816704
1026428928
1041106944
1015313920
1037273856
1002939392
1040253696
979965184
1068004608
223295744
-900953600
-1029054208
-1070548224
-1027245568
-1050676480
-1024952320
-1043657984
-1020731904
-1033674496
-1014508288
-1027871488
-1007464192
-1022429184
-1005330176
-940272128
268952576
1011107584
1046140416
1059259136
1037691648
1043156480
1035469056
1034939904
1035154944
1023960576
1030238464
1012144896
1032572928
990688512
1065265664
596922112
-699553024
-1028131072
-1065507584
0
0
