45
986880
-1178624
32000
1247488
2371072
3467520
4463104
5332736
6203904
7049216
7853824
8660480
9428480
10105088
10631680
11017728
11241984
11341056
11301376
11166208
10904576
10571008
10268672
9972992
9690880
9363968
8926208
8292352
7512576
6594816
5608704
4550912
3522560
2389248
1303552
93952
-913920
-2226688
-2455296
6592512
6400256
5175296
4284416
3281408
2334464
1221376
179456
-917248
-1984512
-3111936
-4136192
-5168896
-6190336
-7123200
-8021248
-8829952
-9515776
-10075648
-10501632
-10694912
-10808832
-10824192
-10721536
-10490368
-10207488
-9857280
-9343488
-8750592
-8014080
-7102976
-6078464
-5030912
-3966720
-2862336
-1755904
-572160
612864
1812736
2945792
3966208
4880896
5709056
6453248
7217664
7984896
8739840
9466880
10096384
10589952
10909952
11168512
11364864
11418880
11388416
11145472
10713600
10291456
9902848
9479168
9028096
8540672
7851776
7009024
6100480
5145600
4177152
3181312
2152448
1052928
-82432
-1263872
-2373120
-3503616
-4581632
-5635328
-6572800
-7449344
-8329216
-9056768
-9677056
-10022144
-10380288
-10519808
-10541568
-10490880
-10399232
-10193664
-9851392
-9490432
-8987648
-8380160
-7558912
-6657280
-5650432
-4621056
-3523584
-2414336
-1267968
-115200
981248
2121984
3130368
4143360
5108480
6085888
7060224
7938560
8730624
9460480
10085888
10536960
10804480
11049472
11217408
11285760
11188992
11152896
10972160
10635008
10379264
9969920
9576448
8939520
8201472
7299328
6352384
5446912
4498432
3540992
2541312
1562112
537088
-497408
-1632256
-2722560
-3802368
-4857856
-5940736
-6987264
-8142592
-9234688
-10219520
-10884352
-11102976
-11153408
-10967040
-10675712
-10375168
-10046720
-9654016
-9222144
-8692992
-8069120
-7311616
-6401536
-5458688
-4640512
-3895552
-3001344
-1904128
-809728
388864
1601024
2815232
3936000
5059840
6054144
6871296
7647488
8459008
9283072
10013184
10615808
10936064
11133184
11173632
11214848
11186688
11078144
10801408
10391552
10035456
9710336
9376256
8877312
8339456
7592192
6708992
5754112
4781312
3803392
2781440
1782016
759552
-270592
-1402368
-2466816
-3492864
-4372992
-5065984
-5767424
-6619136
-7654656
-8800256
-9861376
-10599936
-10992896
-11045632
-10941440
-10685440
-10345984
-9982720
-9612032
-9186048
-8748288
-8082176
-7176448
-6127104
-5132544
-4154880
-3249152
-2279424
-1120768
37376
1203200
2321920
3373824
4389632
5348096
6251776
7077120
7849728
8614912
9380608
10009856
10490368
10886144
11048192
11170560
11219968
11127040
10879744
10518784
10206720
9887488
9641728
9366784
9025536
8471040
7708416
6743808
5651968
4509952
3411968
2399488
1377536
333312
-700160
-1798656
-2889216
-3901440
-4841728
-5757184
-6722048
-7765760
-8833024
-9773568
-10533888
-11048192
-11316992
-11250432
-11054080
-10689024
-10308864
-9941504
-9589248
-9193728
-8610304
-7804160
-6866944
-5864192
-4841472
-3859200
-2871296
-1783040
-591616
567552
1678592
2822400
3928832
4905984
5810176
6718720
7524864
8298752
9145600
9846016
10423808
10845952
11168256
11299584
11391488
11336448
11142656
10817792
10532608
10179840
9957888
9699072
9371904
8902400
8159744
7211520
6119936
5030912
3981824
3053056
2080512
1092096
22272
-1137152
-2322944
-3517440
-4608000
-5637632
-6563584
-7403520
-8201472
-9011456
-9767680
-10454528
-11009536
-11265792
-11304960
-11036416
-10620160
-10172160
-9820928
-9405184
-8930816
-8265728
-7495936
-6572288
-5504256
-4521984
-3456256
-2393600
-1244672
-115712
991232
2099456
3207680
4275200
5353984
6356736
7259136
8091648
8827392
9504000
10063360
10508032
10819840
11032320
11161856
11224320
11198720
11059968
10772992
10480640
10142720
9799424
9519104
9171712
8713216
8100608
7226368
6140928
5063168
4075520
3118592
2151168
1090048
-65024
-1383424
-2758912
-4132352
-5412608
-6528512
-7403008
-8176128
-8925184
-9644800
-10226432
-10626304
-10809856
-10701056
-10475776
-10215680
-10007296
-9850880
-9697024
-9456896
-8959488
-8200960
-7248128
-6177792
-5080064
-4063232
-2996224
-1901056
-778752
354304
1483264
2614016
3629568
4637696
5615360
6490880
7340800
8200192
8968960
9622272
10202624
10692352
11010048
11270656
11424768
11410944
11248896
10955008
10587648
10272256
10060800
9911808
9751808
9413376
8719360
7699712
6441728
5149440
3895040
2794240
1809408
844544
-199424
-1412352
-2588160
-3748608
-4808960
-5812992
-6649344
-7460608
-8184320
-8886016
-9590784
-10135808
-10547456
-10685440
-10647040
-10426880
-10175488
-9952000
-9748736
-9464064
-8992512
-8331520
-7390720
-6303488
-5196544
-4195584
-3205888
-2299904
-1354240
-354048
741632
1843712
2980096
4043520
5041920
5975808
6915584
7834880
8726528
9564416
10251264
10837504
11259136
11547392
11634432
11506176
11216896
10850048
10446848
10115072
9856512
9616896
9318144
8912128
8308224
7420416
6498304
5548544
4611584
3707136
2875648
1958144
982272
-161792
-1361920
-2650112
-4014848
-5331968
-6413312
-7397888
-8244224
-8930304
-9609472
-10310912
-10860800
-11113472
-11085056
-10833152
-10424576
-10020352
-9665536
-9394944
-9100544
-8604672
-7946240
-7083008
-6046208
-5013248
-3965696
-2898432
-1651200
-449280
717824
1810432
2797312
3647488
4497920
5365760
6224384
7174400
8053248
8837632
9495552
10072320
10513408
10806784
11034112
11177216
11238912
11140608
10971648
10683392
10440960
10236672
9945344
9615360
8995072
8053760
6902784
5718528
4622080
3628544
2749440
1753600
687872
-429824
-1590784
-2744064
-3821568
-4746496
-5674240
-6535936
-7351296
-8208128
-9074176
-9848064
-10427392
-10758400
-10875648
-10704896
-10407936
-10079232
-9782272
-9479424
-9146624
-8752384
-8092672
-7280384
-6294784
-5289984
-4229888
-3271680
-2248448
-1198592
-134144
971520
2053632
3101440
4128768
5220352
6194944
7104768
7927296
8615424
9280512
9882368
10364928
10696960
10940928
11105024
11144448
11028224
10836480
10460928
10100224
9748224
9540352
9268480
8854272
8309248
7503360
6521856
5423360
4433152
3385600
2317568
1303808
232448
-911104
-2067200
-3178752
-4266240
-5303040
-6266368
-7104000
-7968512
-8764160
-9569536
-10241280
-10730240
-11015168
-10968576
-10684160
-10212352
-9862912
-9532160
-9282560
-9030912
-8528640
-7764736
-6883328
-5936896
-4879616
-3879168
-2892288
-1868288
-848896
168448
1268992
2405632
3566848
4710912
5774336
6623232
7352320
7985920
8695040
9390080
9983488
10540032
10932224
11172608
11291648
11312896
11168000
10881024
10595072
10279680
10007552
9766656
9502464
9057792
8444416
7610112
6568448
5455616
4335872
3298048
2316288
1330432
172288
-1173504
-2646784
-4003840
-5241856
-6251776
-7088384
-7908096
-8645888
-9399808
-10083072
-10647808
-11006976
-11171584
-11118848
-10811392
-10372864
-9912320
-9501184
-9139200
-8683776
-8124672
-7428096
-6563328
-5708032
-4748544
-3730176
-2594816
-1425408
-275456
871168
0
0
