45
574438656
877881600
-405199360
-1034885376
-1055580160
-1054124544
-1040658432
-1039814656
-1039392256
-1032487168
-1038375168
-1022243584
-1034305024
-1010088960
-1036994816
-986757888
-1073723648
-514207744
774137856
1041508096
1073582336
1035941120
1053638400
1029721600
1048072704
1025202432
1045756160
1017621760
1038791168
1006541824
1039953664
988718336
1036749568
-14291968
-981969408
-1044452352
-1065307648
-1043809280
-983840256
-55469312
4630272
-551424
-2755840
2063360
-1891840
2615040
-395264
3034112
962560
3379456
2067712
3682816
2916864
3889152
3497984
4125696
3891456
4119808
3998976
4031744
3850240
3727872
3598336
3341824
3055360
2741504
2493952
2112256
1700864
1276672
855296
344576
-124672
-597504
-982272
-1471488
-2009600
-2467328
-2878720
-3351296
-3816192
-4134912
-4439808
-4726784
-5044480
-5238528
-5361152
-5519360
-5562624
-5595392
-5479936
-5437696
-5263104
-5042688
-4852992
-4657664
-4313344
-3980288
-3650048
-3283456
-2769664
-2287872
-1926400
-1446912
-887296
-388096
-15360
493568
1039872
1515520
1853440
2280960
2686208
2930944
3217408
3510272
3745792
3861248
3944448
4102656
4145664
4077568
3927808
3816704
3731456
3496960
3197952
2953728
2700800
2365952
1911040
1520128
1163008
684800
175616
-300032
-745472
-1221120
-1731840
-2229248
-2657024
-3117312
-3558656
-3892224
-4186112
-4489984
-4850944
-5137664
-5235968
-5435392
-5563136
-5574912
-5468672
-5454592
-5333248
-5131520
-4924672
-4762112
-4506880
-4144128
-3854080
-3543296
-3088384
-2529536
-2091520
-1621760
-1207808
-719104
-239872
266496
810240
1262336
1657600
2055680
2472704
2864384
3136256
3361280
3555328
3793408
4004864
4053504
4067072
4059648
4007680
3888640
3738112
3547904
3345152
3062784
2799872
2493184
2149888
1764864
1291008
834816
377344
-113408
-599040
-1029120
-1518080
-2014976
-2488832
-2942976
-3333888
-3749888
-4097280
-4429568
-4673792
-4970496
-5220608
-5408768
-5512192
-5568768
-5573120
-5516288
-5392640
-5252352
-5067776
-4875776
-4633344
-4371968
-4059648
-3691264
-3259392
-2784256
-2353664
-1852160
-1378816
-931328
-443392
-2560
476672
976128
1463552
1884160
2250496
2644480
2987776
3269376
3485184
3671552
3856640
3973632
4060672
4094208
4046592
3968000
3813888
3675136
3454208
3205376
2930944
2685440
2382080
1955072
1568256
1145856
692480
167168
-318464
-756992
-1234176
-1726720
-2178048
-2623744
-3053056
-3536640
-3867392
-4191744
-4509440
-4780032
-5025536
-5217280
-5405952
-5484800
-5535232
-5468928
-5408000
-5272576
-5114112
-4905728
-4728576
-4458752
-4142848
-3752192
-3365888
-2929408
-2456064
-1985024
-1527808
-1102592
-543488
-82176
451328
894976
1379328
1809152
2216960
2528256
2891264
3228416
3483648
3701248
3879936
4086784
4161024
4169984
4119296
4096512
3953152
3811584
3607040
3418624
3131392
2848256
2567680
2241536
1782016
1365504
943616
483584
46080
-435456
-912896
-1408768
-1887232
-2320384
-2771456
-3219456
-3579136
-3944704
-4294656
-4566784
-4886784
-5116672
-5261056
-5360384
-5445888
-5445888
-5365504
-5305344
-5110272
-4956928
-4718080
-4488704
-4202496
-3897088
-3520512
-3122944
-2650880
-2179840
-1721088
-1238528
-749824
-272896
186880
651520
1123840
1586688
1978112
2381312
2730240
3054848
3385600
3632896
3810560
3975936
4128512
4203264
4262656
4236544
4129536
3950336
3767552
3586304
3363072
3109120
2789632
2474752
2078720
1677056
1276416
827392
320000
-147968
-613888
-1079808
-1581312
-2032640
-2496000
-2942208
-3372032
-3744512
-4048640
-4373504
-4644352
-4918528
-5121536
-5251584
-5380864
-5365504
-5335552
-5259008
-5137920
-4962048
-4744704
-4527360
-4307456
-3984128
-3656704
-3261696
-2821888
-2332928
-1864960
-1413888
-953600
-488704
22016
495616
972032
1456384
1880576
2265088
2679040
3035648
3349760
3636992
3804928
4018176
4174848
4277248
4300032
4273664
4252672
4155648
3965696
3794176
3537408
3264000
3033344
2737920
2402048
1945856
1561600
1123328
656384
136704
-301824
-798464
-1295872
-1780736
-2209792
-2672384
-3167744
-3588864
-3903232
-4166912
-4506112
-4739328
-4968448
-5117440
-5283328
-5297408
-5350912
-5271296
-5200128
-5020160
-4879360
-4694528
-4444160
-4128512
-3765760
-3419392
-3061504
-2587136
-2059008
-1619200
-1166848
-717056
-204800
306688
795904
1213184
1676032
2107136
2502144
2841088
3176448
3501824
3759616
3962880
4155648
4234496
4304640
4261376
4246528
4200192
4020992
3826944
3668992
3447808
3103488
2794752
2488320
2180608
1723136
1265920
840960
347136
-155648
-607488
-1039872
-1543680
-2074368
-2500864
-2880512
-3357952
-3794176
-4077056
-4345088
-4563712
-4897536
-5149952
-5204480
-5296896
-5366784
-5367040
-5231104
-5113344
-4984320
-4769792
-4571648
-4327424
-4033536
-3676416
-3234304
-2817536
-2364928
-1908224
-1397760
-943616
-536576
-22272
471296
963840
1393664
1844224
2271232
2658816
2959616
3306752
3639296
3826432
3968000
4195840
4287232
4303616
4284672
4225792
4092672
3977216
3774976
3518208
3293184
3010816
2716928
2361088
1986304
1527808
1065728
626944
144384
-304896
-770560
-1262592
-1728768
-2178816
-2700032
-3088896
-3442688
-3795200
-4144384
-4471296
-4724480
-4998400
-5176832
-5305600
-5324288
-5332992
-5246720
-5200640
-5033984
-4854016
-4633856
-4376320
-4108032
-3785472
-3419648
-3017984
-2556928
-2079488
-1635584
-1203712
-702720
-180736
241408
734720
1233408
1718016
2083840
2511872
2882304
3203584
3472128
3731968
3943936
4112640
4227584
4269824
4339968
4265728
4152064
4041984
3909120
3638784
3401216
3182080
2828800
2496512
2107392
1746432
1235456
794112
353792
-103680
-591360
-1073920
-1523968
-2021888
-2433280
-2844672
-3278592
-3724800
-4023296
-4335872
-4590336
-4841472
-5045504
-5194496
-5327872
-5304576
-5296128
-5225984
-5118464
-4891136
-4699904
-4466944
-4202496
-3907072
-3563776
-3168256
-2752768
-2272512
-1780224
-1351168
-852736
-369664
115200
574208
1047040
1506048
1958656
2353664
2708736
3093504
3413504
3707136
3912960
4034048
4224000
4331776
4400640
4392704
4323328
4209664
4045824
3862016
3670016
3374080
3060736
2743808
2433536
2051584
1626880
1212416
682496
262144
-217600
-674816
-1174272
-1658624
-2132736
-2575872
-3025408
-3433728
-3773696
-4095488
-4353792
-4613120
-4882688
-5084928
-5177600
-5192704
-5200384
-5134592
-5061376
-4885248
-4708096
-4494336
-4247296
-3994880
-3726592
-3352320
-2879488
-2473216
-2012416
-1550080
-1049600
-603392
-107520
360448
850176
1298176
1755392
2209024
2577920
2937088
3292416
3573504
3785472
3958272
4157184
4314624
4374528
4386560
4324096
4253696
4125184
3952640
3752192
3490304
3248896
2957824
2607360
2220288
1800448
1403392
950272
470784
19200
-473600
-925440
-1403392
-1898752
0
0
