45
657920
-2218752
-2199040
-2182144
-2205440
-2195200
-2178048
-2187520
-2209536
-2221568
-2200320
-2200576
-2188544
-2194176
-2185984
-2209792
-2084096
-2245120
-2029056
-2339840
-1926656
-2474752
-1762560
-2712576
-1492224
-3045888
-1066752
-3511808
-479232
-4134912
247040
-5095424
1273344
-6213376
2507008
-7365632
2821888
-3679488
-39992064
-959851264
-1031787264
-1037716480
-992397056
-1079044096
-401996544
836545024
1032483072
1074852608
1030229504
1054430976
1026418432
1047600640
1023135488
1041176832
1013867520
1036137472
1005310464
1034921472
992622848
1011021312
-100228608
-998587136
-1046970624
-1072377600
-1039085824
-1053526016
-1037268224
-1043433472
-1035315712
-1036592896
-1033389824
-1025649408
-1032247808
-1007783680
-1054571776
-741606912
581549056
1034625280
1062615808
1043591424
1046985984
1033298688
1043384832
1027133952
1041258496
1016379392
1037160192
1004130560
1041054976
979843072
1075497728
307425536
-880641280
-1040203520
-1079747072
-1036184320
-1059260928
-1032779776
-1050620672
-1028553728
-1045339904
-1024108032
-1039747328
-1016059648
-1034173184
-1010208256
-969458688
226515968
1012412416
1045587968
1061959680
1035955712
1044659712
1034500864
1036626176
1033252096
1026490624
1028505344
1015406080
1029677056
996096256
1058086400
668877056
-652687104
-1041312256
-1071985152
-1046184704
-1054772224
-1037196032
-1049757952
-1029498368
-1047118336
-1022113536
-1044468480
-1009854464
-1047077120
-986801920
-1070776064
-179710208
925376256
1034953216
1073370624
1029542656
1052923136
1027436800
1045238272
1025593600
1038105600
1017942272
1030301952
1012467456
1023236864
1012982272
924766208
-317355520
-1027124736
-1054900992
-1063548672
-1044122368
-1047490048
-1042149888
-1037910016
-1040708096
-1029936128
-1038892800
-1017579008
-1040861184
-994520320
-1075181568
-564287232
735503360
1035076608
1070506496
1035859968
1051965952
1028771584
1046421760
1024115968
1042654976
1014028544
1038152192
1003195392
1040333312
983007488
1052963584
83448064
-957614336
-1041979392
-1076993024
-1036194048
-1057020160
-1034311168
-1047441664
-1031633408
-1040886784
-1028437248
-1032077568
-1023822080
-1020249088
-1033733632
-859580160
432518144
1029975552
1055100928
1051933696
1042193664
1038236672
1039968768
1031156224
1038983936
1020676608
1034209536
1008114432
1037605376
984647936
1074761984
479345664
-792643328
-1040438528
-1077750784
-1039112960
-1058441216
-1033390848
-1051138048
-1027900416
-1047446528
-1022322176
-1043395072
-1010923264
-1042062592
-995589120
-1029694976
46629888
984490496
1039638016
1068432128
1031901184
1049388544
1030654464
1041093376
1029273856
1032038656
1023346176
1022436352
1021746432
1008374528
1038549760
799006464
-513701376
-1038795776
-1064942592
-1053543680
-1050430464
-1040998144
-1046720000
-1032682240
-1044864256
-1024845824
-1043500032
-1011673088
-1046222080
-986545408
-1082008832
-359561472
854502144
1033957632
1073909504
1030829056
1053836800
1026936320
1046717696
1024013568
1040998656
1015095808
1035121152
1006774272
1033204736
995925760
997859584
-141602048
-1005521408
-1048127488
-1070707456
-1039601152
-1052349952
-1038152704
-1042553600
-1036257536
-1034933760
-1034155264
-1023882496
-1033657856
-1005139968
-1059080960
-710814720
612811264
1035101696
1064381696
1042141184
1048247808
1032404992
1044185088
1026539776
1041898240
1015945728
1037732096
1003821824
1041463296
979962624
1073517056
266255872
-897267968
-1040165376
-1079221504
-1035884288
-1058824192
-1032662528
-1050135808
-1028774912
-1045014016
-1024608000
-1037890048
-1016600320
-1031548928
-1013996800
-951801600
266713856
1017246720
1047164928
1060045312
1037018880
1043563264
1035528960
1035647488
1034495744
1025515776
1029724160
1014162944
1031414528
993703680
1062391808
635727360
-681210112
-1041127424
-1073102080
-1044472320
-1055722752
-1035937792
-1050166784
-1028819200
-1047310592
-1021863168
-1044688384
-1009201664
-1046508288
-987356928
-1065709056
-137486848
938670336
1035505920
1072720384
1030020608
1052649472
1027989504
1044550912
1026422784
1037174272
1018942976
1029046272
1014158080
1020478720
1017702144
904597248
-355718400
-1030189312
-1056869120
-1061705728
-1045338368
-1046243328
-1043076096
-1036859392
-1041308416
-1028826112
-1039967488
-1015867392
-1042186240
-992479488
-1077803008
-527819520
760426752
1034855168
1071616512
1034443264
1052631040
1028079360
1046695936
1024274176
1042703872
1014300928
1037840896
1003519232
1039361280
984607488
1045690368
41279232
-968852736
-1042892032
-1076035328
-1036732416
-1056411136
-1034904576
-1046621184
-1032341504
-1039750656
-1029687808
-1030897408
-1025469952
-1017317632
-1038557952
-834672128
468637184
1031767808
1057064192
1050053376
1043325952
1037092608
1040729344
1029890560
1038834176
1019281664
1035073280
1006961664
1038921984
983021568
1076294912
441210880
-814726400
-1040103680
-1078365184
-1038093568
-1058749952
-1032924416
-1051093760
-1027747584
-1047192064
-1022409984
-1042678272
-1011699200
-1040653056
-998344960
-1018107648
88643584
992121088
1040715776
1067265024
1032880384
1048354048
1031520000
1040139264
1030620416
1031059712
1024576256
1021113344
1023846912
1005513216
1043039488
771040256
-547432704
-1039690752
-1066248448
-1051685632
-1051596544
-1040126208
-1047806464
-1031808512
-1045558272
-1023996928
-1043628800
-1010887168
-1046521344
-986070016
-1081010688
-318881280
872793600
1033912576
1073949952
1030340864
1053908224
1026996224
1046677504
1024282624
1040340224
1015248640
1034415360
1008045824
1031067648
999635200
983382016
-182840832
-1011656960
-1049412096
-1069160960
-1040688896
-1051283456
-1038793728
-1041431040
-1037150720
-1033872640
-1035815936
-1021870592
-1035280896
-1002334720
-1063202816
-679159040
642890240
1035380992
1065927936
1040435712
1049357056
1031346688
1044666624
1025495296
1041601792
1015025152
1037953536
1003248896
1041425920
979939328
1070845696
224931072
-913104384
-1040478720
-1079186176
-1035784704
-1058740480
-1032885504
-1049710336
-1029354240
-1044222976
-1025422336
-1036878336
-1018513664
-1029248768
-1018178048
-933160704
305989376
1021340160
1049033472
1058651904
1038249216
1042343424
1036255488
1034382592
1035377664
1024168704
1030839296
1012504064
1033128448
991288064
1065861888
601490432
-708920832
-1041035520
-1074466304
-1042873088
-1056390144
-1035284480
-1050390528
-1028380672
-1047319040
-1021721344
-1044513280
-1009486336
-1045946880
-988945408
-1059361280
-95349760
950804224
1036007424
1072163072
1030094592
1052044032
1028389376
1043895808
1027171328
1036061952
1019950080
1027893760
1015866880
1017923328
1022303744
882204928
-393500928
-1032798464
-1058392576
-1059898624
-1046418432
-1044952832
-1043862784
-1035818240
-1042239744
-1027923712
-1040962048
-1014703616
-1043155968
-990690560
-1079953920
-490555648
784058368
1034542592
1072537088
1033534976
1053039872
1027796992
1046884608
1023915264
1042469888
1014094080
1037602048
1004217344
1038364416
986807296
1036738048
-1168896
-978700544
-1043988992
-1075104256
-1037310720
-1055461632
-1035522560
-1045734656
-1033161984
-1038992128
-1030638080
-1028768000
-1027533568
-1014443520
-1043324160
-808404224
503597824
1032889600
1058846720
1048167424
1044631296
1035828480
1041512960
1029005824
1039743488
1018389248
1035761152
1006054144
1039690240
981661952
1077018368
402086144
-835899904
-1039887872
-1078751232
-1037340160
-1058899712
-1032804352
-1050934528
-1027854080
-1046677248
-1022763008
-1041520896
-1012670208
-1038934272
-1001362176
-1005250816
130098176
999216640
1041906176
1065618432
1033650688
1047421696
1032303360
1039120896
1031494400
1029706496
1025818368
1019182080
1025553664
1002607872
1048004352
742341376
-580106752
-1040410880
-1068019456
-1050113536
-1052433920
-1039021056
-1048241920
-1030961664
-1045949184
-1023490816
-1044279552
-1010230528
-1046991104
-985822464
-1079090432
-277729792
889632768
1034164480
1073991936
1030024192
1053837312
1027240960
1046501632
1024574464
1039734272
1015896832
1033369600
1009187328
1028918784
1003298304
967630848
-223419904
-1017205504
-1050987776
-1067589120
-1041797120
-1050174208
-1039768576
-1040423424
-1038010880
-1032654848
-1036765184
-1020394240
-1037014528
-999865344
-1067174144
-646231808
672185600
1035445248
1067456768
1039011840
1050053632
1030533632
1045203968
1025249536
1042247936
1014734592
1038268928
1003124480
1041563392
980299776
1066866432
183078400
-927573248
-1040711424
-1078548992
-1035797504
-1058164224
-1033244160
-1049116928
-1029959680
-1042969344
-1026078720
-1035396352
-1019810304
-1026684928
-1022754048
-912702720
344924672
0
0
