45
-256
-5711104
-5149952
-4535040
-3904256
-3275520
-2637056
-2020096
-1374464
-750848
-169216
466688
1018112
1578240
2076160
2532608
2945792
3254272
3539968
3813120
4017664
4123136
4152832
4139264
4036352
3875328
3619328
3386624
3040000
2780160
2338816
2013696
1425920
979456
224256
-175616
-1112832
-1194496
-3496192
-8506880
-8338176
-8773120
-8642048
-8706304
-8511232
-8529152
-8212480
-7982336
-7619072
-7314176
-6850304
-6489344
-5964544
-5405440
-4795392
-4197376
-3576064
-2914304
-2249216
-1633536
-1039104
-421376
183296
721152
1300992
1848576
2310400
2738688
3135488
3446784
3740416
3953408
4060928
4111360
4131328
4028416
3892736
3708928
3489536
3198208
2902016
2558464
2124032
1662208
1153280
572416
-3328
-650496
-1266944
-1888512
-2508800
-3199744
-3835904
-4475136
-5060096
-5625856
-6121472
-6586368
-7048192
-7431936
-7772672
-8079872
-8312064
-8503296
-8631552
-8615680
-8574208
-8427264
-8244224
-7990016
-7685888
-7374848
-7027200
-6643456
-6217216
-5624576
-5010688
-4409344
-3793408
-3195392
-2561024
-1966080
-1372160
-672768
-52736
570624
1164032
1680128
2166784
2580736
2981888
3324416
3637504
3902464
4095488
4209152
4214016
4171520
4061952
3919872
3680768
3365120
3023104
2675456
2316032
1933824
1447680
899840
329472
-270336
-897536
-1560064
-2191104
-2847232
-3482368
-4054784
-4642304
-5208064
-5827072
-6361600
-6860800
-7281920
-7647744
-7990784
-8225280
-8421376
-8564992
-8622848
-8631808
-8558080
-8410112
-8192256
-7889408
-7614976
-7276032
-6895616
-6436352
-5941248
-5335552
-4708864
-4072704
-3464192
-2866176
-2259712
-1652224
-1016832
-375808
241664
887552
1406208
1914368
2363136
2797824
3188224
3511296
3733504
3932416
4082944
4116224
4078592
4041984
3986176
3788288
3542528
3296256
2990592
2596608
2210048
1799168
1300992
646912
-2816
-589568
-1229568
-1935360
-2543104
-3083776
-3696384
-4361728
-4958464
-5568000
-6102016
-6627328
-7011328
-7361280
-7741440
-8072448
-8302336
-8490752
-8589568
-8614656
-8529664
-8414976
-8201216
-7961344
-7746048
-7432704
-7066880
-6632448
-6126848
-5549568
-4967168
-4348672
-3766016
-3134464
-2480128
-1827328
-1224960
-593408
51456
623360
1165568
1703424
2202880
2639872
3031808
3408128
3723776
3901696
4078080
4176640
4229376
4171008
4101632
3935232
3687936
3374336
3037440
2727680
2315264
1934848
1416704
856832
254720
-354304
-971776
-1611520
-2241024
-2823680
-3489536
-4158208
-4788992
-5366528
-5906176
-6477824
-6894336
-7307776
-7678720
-8013824
-8282624
-8491008
-8646400
-8672512
-8638208
-8573184
-8425472
-8193792
-7952640
-7670528
-7312384
-6882304
-6457088
-5931008
-5296640
-4705280
-4116736
-3536896
-2906880
-2294784
-1613824
-983808
-286720
284160
836864
1371136
1916416
2353408
2770688
3179776
3525120
3753216
3921664
4048640
4112640
4140800
4090880
3969792
3758080
3481088
3160576
2834688
2483712
2097408
1639168
1150464
606464
-5632
-620544
-1284864
-1919744
-2551552
-3149312
-3755264
-4413440
-4999936
-5587968
-6176768
-6670336
-7168000
-7564288
-7873536
-8164608
-8446720
-8608000
-8694528
-8700672
-8618240
-8522240
-8365056
-8119296
-7799552
-7438080
-7102208
-6680576
-6207488
-5680128
-5089024
-4445184
-3870720
-3192320
-2578944
-1916160
-1321216
-644608
-50944
519680
1067776
1632768
2172928
2573568
2936576
3275776
3592704
3816192
4018176
4119040
4144128
4090112
3963648
3791872
3584768
3338752
3045376
2752256
2388480
1951232
1469440
944384
284928
-345344
-931072
-1528064
-2144512
-2777856
-3384320
-4046592
-4684544
-5281280
-5829376
-6368256
-6857728
-7285504
-7644928
-7980544
-8278272
-8464384
-8627200
-8669184
-8683776
-8556544
-8402432
-8205568
-7965952
-7650816
-7298816
-6915072
-6459648
-5943040
-5324544
-4727808
-4084224
-3467264
-2832128
-2217728
-1545216
-967936
-329216
255744
802816
1404416
1905664
2386176
2763264
3109120
3449088
3748096
3923712
4064768
4101632
4104704
4060160
3924224
3774720
3502336
3236096
2909184
2568704
2154752
1685760
1175808
643840
-17408
-635904
-1282304
-1922048
-2490368
-3153408
-3784960
-4379648
-4994304
-5619200
-6141696
-6631936
-7093760
-7514368
-7814656
-8142848
-8391936
-8542976
-8635136
-8648192
-8602368
-8463104
-8291072
-8057600
-7728640
-7372800
-7037952
-6606080
-6097152
-5578240
-4979968
-4360704
-3752704
-3150336
-2475776
-1856512
-1233664
-601856
13056
637952
1236224
1730048
2202624
2650368
3059712
3418368
3674880
3911680
4050688
4144896
4167936
4174592
4074752
3886080
3650560
3422208
3082240
2771200
2451968
2074368
1563648
985856
350720
-296704
-903936
-1526016
-2086656
-2716928
-3374592
-4043264
-4690688
-5304576
-5896448
-6385408
-6860544
-7273216
-7576576
-7896576
-8171264
-8427264
-8564480
-8556032
-8581888
-8456448
-8312832
-8131840
-7885568
-7546624
-7192064
-6840576
-6379264
-5865472
-5313792
-4717056
-4143616
-3524096
-2864640
-2195712
-1552384
-913152
-260352
284416
852224
1417728
1933312
2414336
2847232
3237632
3551488
3808512
4022272
4163072
4165888
4133376
4079104
3986688
3733760
3521792
3210240
2885376
2517248
2151936
1651968
1085696
511744
-96000
-629504
-1231616
-1906176
-2580480
-3204096
-3815168
-4425984
-5059840
-5654528
-6194432
-6644480
-7035392
-7463424
-7864832
-8133376
-8387328
-8571392
-8659456
-8692224
-8652544
-8528384
-8285696
-8063232
-7808256
-7523584
-7114496
-6690560
-6230016
-5687296
-5044224
-4425216
-3827968
-3209472
-2579456
-1948672
-1340160
-723456
-74496
555776
1066240
1583616
2108160
2575872
2936064
3286272
3605248
3819520
4023808
4101376
4127488
4047616
3965952
3837184
3597312
3337984
2945024
2567168
2210816
1796864
1296896
746496
168704
-425984
-1067264
-1742592
-2345472
-2919680
-3539712
-4160000
-4770560
-5396736
-5947136
-6438144
-6865920
-7355904
-7731712
-8065792
-8304640
-8548608
-8691456
-8733184
-8718592
-8643840
-8504320
-8276480
-7985664
-7697152
-7359232
-6916352
-6485760
-5953024
-5418752
-4785664
-4138496
-3516160
-2915840
-2284032
-1623808
-1008896
-395776
236544
795904
1355520
1877504
2383872
2809856
3198208
3486976
3716864
3960832
4067328
4123648
4146944
4067328
3885312
3717376
3504640
3251456
2873600
2499328
2138112
1739520
1181952
604160
-3840
-661504
-1274112
-1865984
-2481408
-3188224
-3836160
-4422656
-5009920
-5623040
-6151680
-6668032
-7158272
-7535360
-7848704
-8142080
-8439296
-8581376
-8633856
-8653568
-8630016
-8486912
-8332288
-8087040
-7777792
-7418880
-7072000
-6682880
-6129920
-5510656
-4914432
-4318464
-3762176
-3159040
-2510080
-1838080
-1235968
-653312
8448
620544
1185280
1705984
2178560
2600448
3004672
3367168
3683328
3872000
4049664
4156672
4170496
4124416
4037632
3911680
0
0
